==5196== Memcheck, a memory error detector
==5196== Copyright (C) 2002-2012, and GNU GPL'd, by Julian Seward et al.
==5196== Using Valgrind-3.8.1 and LibVEX; rerun with -h for copyright info
==5196== Command: ./pa01
==5196== Parent PID: 2582
==5196== 
--5196-- 
--5196-- Valgrind options:
--5196--    --suppressions=/usr/lib/valgrind/debian-libc6-dbg.supp
--5196--    --tool=memcheck
--5196--    --leak-check=full
--5196--    --verbose
--5196--    --log-file=memcheck.log
--5196-- Contents of /proc/version:
--5196--   Linux version 3.11.0-3-generic (buildd@batsu) (gcc version 4.8.1 (Ubuntu/Linaro 4.8.1-9ubuntu1) ) #8-Ubuntu SMP Fri Aug 23 16:52:37 UTC 2013
--5196-- Arch and hwcaps: X86, x86-sse1-sse2
--5196-- Page sizes: currently 4096, max supported 4096
--5196-- Valgrind library directory: /usr/lib/valgrind
--5196-- Reading syms from /lib/i386-linux-gnu/ld-2.17.so
--5196--   Considering /lib/i386-linux-gnu/ld-2.17.so ..
--5196--   .. CRC mismatch (computed dfe5ae76 wanted 313d2a34)
--5196--   Considering /usr/lib/debug/lib/i386-linux-gnu/ld-2.17.so ..
--5196--   .. CRC is valid
--5196--   Considering /usr/lib/debug/lib/i386-linux-gnu/ld-2.17.so ..
--5196--   .. CRC is valid
--5196-- Reading syms from /home/zach/ECE264/Spring2014/PA01/pa01
--5196-- Reading syms from /usr/lib/valgrind/memcheck-x86-linux
--5196--   Considering /usr/lib/valgrind/memcheck-x86-linux ..
--5196--   .. CRC mismatch (computed 6fd19ca3 wanted 306c4bda)
--5196--    object doesn't have a symbol table
--5196--    object doesn't have a dynamic symbol table
--5196-- Scheduler: using generic scheduler lock implementation.
--5196-- Reading suppressions file: /usr/lib/valgrind/debian-libc6-dbg.supp
--5196-- Reading suppressions file: /usr/lib/valgrind/default.supp
==5196== embedded gdbserver: reading from /tmp/vgdb-pipe-from-vgdb-to-5196-by-zach-on-???
==5196== embedded gdbserver: writing to   /tmp/vgdb-pipe-to-vgdb-from-5196-by-zach-on-???
==5196== embedded gdbserver: shared mem   /tmp/vgdb-pipe-shared-mem-vgdb-5196-by-zach-on-???
==5196== 
==5196== TO CONTROL THIS PROCESS USING vgdb (which you probably
==5196== don't want to do, unless you know exactly what you're doing,
==5196== or are doing some strange experiment):
==5196==   /usr/lib/valgrind/../../bin/vgdb --pid=5196 ...command...
==5196== 
==5196== TO DEBUG THIS PROCESS USING GDB: start GDB like this
==5196==   /path/to/gdb ./pa01
==5196== and then give GDB the following command
==5196==   target remote | /usr/lib/valgrind/../../bin/vgdb --pid=5196
==5196== --pid is optional if only one valgrind process is running
==5196== 
--5196-- REDIR: 0x40185a0 (strlen) redirected to 0x3806e494 (???)
--5196-- REDIR: 0x4018320 (index) redirected to 0x3806e46f (???)
--5196-- Reading syms from /usr/lib/valgrind/vgpreload_core-x86-linux.so
--5196--   Considering /usr/lib/valgrind/vgpreload_core-x86-linux.so ..
--5196--   .. CRC mismatch (computed 5dbb7262 wanted 348cf268)
--5196--    object doesn't have a symbol table
--5196-- Reading syms from /usr/lib/valgrind/vgpreload_memcheck-x86-linux.so
--5196--   Considering /usr/lib/valgrind/vgpreload_memcheck-x86-linux.so ..
--5196--   .. CRC mismatch (computed 25f7b345 wanted 995b0864)
--5196--    object doesn't have a symbol table
--5196-- Reading syms from /lib/i386-linux-gnu/libc-2.17.so
--5196--   Considering /lib/i386-linux-gnu/libc-2.17.so ..
--5196--   .. CRC mismatch (computed 50bb0040 wanted bc98fa52)
--5196--   Considering /usr/lib/debug/lib/i386-linux-gnu/libc-2.17.so ..
--5196--   .. CRC is valid
--5196--   Considering /usr/lib/debug/lib/i386-linux-gnu/libc-2.17.so ..
--5196--   .. CRC is valid
--5196-- REDIR: 0x40c6760 (strnlen) redirected to 0x4024580 (_vgnU_ifunc_wrapper)
--5196-- REDIR: 0x40c7ce0 (strncasecmp) redirected to 0x4024580 (_vgnU_ifunc_wrapper)
--5196-- REDIR: 0x40cc9a0 (memrchr) redirected to 0x4024580 (_vgnU_ifunc_wrapper)
--5196-- REDIR: 0x40e1210 (wcslen) redirected to 0x4024580 (_vgnU_ifunc_wrapper)
--5196-- REDIR: 0x40c6900 (__GI_strrchr) redirected to 0x402c700 (__GI_strrchr)
--5196-- REDIR: 0x40c66a0 (__GI_strlen) redirected to 0x402cba0 (__GI_strlen)
--5196-- REDIR: 0x40c20b0 (free) redirected to 0x402abd0 (free)
==5196== 
==5196== HEAP SUMMARY:
==5196==     in use at exit: 0 bytes in 0 blocks
==5196==   total heap usage: 0 allocs, 0 frees, 0 bytes allocated
==5196== 
==5196== All heap blocks were freed -- no leaks are possible
==5196== 
==5196== ERROR SUMMARY: 0 errors from 0 contexts (suppressed: 0 from 0)
==5196== ERROR SUMMARY: 0 errors from 0 contexts (suppressed: 0 from 0)
